c:\users\bressam\desktop\github\6020cem\main\framework\framework\x64\debug\vc143.pdb
c:\users\bressam\desktop\github\6020cem\main\framework\framework\x64\debug\vc143.idb
c:\users\bressam\desktop\github\6020cem\main\framework\framework\x64\debug\subsystem.obj
c:\users\bressam\desktop\github\6020cem\main\framework\framework\x64\debug\soundcomponent.obj
c:\users\bressam\desktop\github\6020cem\main\framework\framework\x64\debug\player.obj
c:\users\bressam\desktop\github\6020cem\main\framework\framework\x64\debug\physicssystem.obj
c:\users\bressam\desktop\github\6020cem\main\framework\framework\x64\debug\physicscomponent.obj
c:\users\bressam\desktop\github\6020cem\main\framework\framework\x64\debug\main.obj
c:\users\bressam\desktop\github\6020cem\main\framework\framework\x64\debug\iosystem.obj
c:\users\bressam\desktop\github\6020cem\main\framework\framework\x64\debug\iocomponent.obj
c:\users\bressam\desktop\github\6020cem\main\framework\framework\x64\debug\graphicssystem.obj
c:\users\bressam\desktop\github\6020cem\main\framework\framework\x64\debug\graphicscomponent.obj
c:\users\bressam\desktop\github\6020cem\main\framework\framework\x64\debug\gameobject.obj
c:\users\bressam\desktop\github\6020cem\main\framework\framework\x64\debug\gameengine.obj
c:\users\bressam\desktop\github\6020cem\main\framework\framework\x64\debug\filesystem.obj
c:\users\bressam\desktop\github\6020cem\main\framework\framework\x64\debug\eventqueue.obj
c:\users\bressam\desktop\github\6020cem\main\framework\framework\x64\debug\commons.obj
c:\users\bressam\desktop\github\6020cem\main\framework\framework\x64\debug\behaviour.obj
c:\users\bressam\desktop\github\6020cem\main\framework\framework\x64\debug\aisystem.obj
c:\users\bressam\desktop\github\6020cem\main\framework\framework\x64\debug\aicomponent.obj
c:\users\bressam\desktop\github\6020cem\main\framework\x64\debug\framework.exe
c:\users\bressam\desktop\github\6020cem\main\framework\framework\x64\debug\framework.ilk
c:\users\bressam\desktop\github\6020cem\main\framework\x64\debug\framework.pdb
c:\users\bressam\desktop\github\6020cem\main\framework\framework\x64\debug\framework.tlog\cl.command.1.tlog
c:\users\bressam\desktop\github\6020cem\main\framework\framework\x64\debug\framework.tlog\cl.read.1.tlog
c:\users\bressam\desktop\github\6020cem\main\framework\framework\x64\debug\framework.tlog\cl.write.1.tlog
c:\users\bressam\desktop\github\6020cem\main\framework\framework\x64\debug\framework.tlog\link.command.1.tlog
c:\users\bressam\desktop\github\6020cem\main\framework\framework\x64\debug\framework.tlog\link.read.1.tlog
c:\users\bressam\desktop\github\6020cem\main\framework\framework\x64\debug\framework.tlog\link.write.1.tlog
